<?xml version="1.0" encoding="UTF-8"?>
<coverage generated="1541360919181" clover="3.2.0">
  <project timestamp="1541360919181" name="All files">
    <metrics statements="14" coveredstatements="14" conditionals="6" coveredconditionals="6" methods="7" coveredmethods="7" elements="27" coveredelements="27" complexity="0" loc="14" ncloc="14" packages="1" files="1" classes="1">
      <file name="bedux.js" path="/var/www/html/bedux/bedux.js">
        <metrics statements="14" coveredstatements="14" conditionals="6" coveredconditionals="6" methods="7" coveredmethods="7"/>
        <line num="1" count="1" type="stmt"/>
        <line num="3" count="1" type="stmt"/>
        <line num="6" count="6" type="stmt"/>
        <line num="7" count="6" type="stmt"/>
        <line num="11" count="14" type="stmt"/>
        <line num="16" count="9" type="stmt"/>
        <line num="20" count="9" type="cond" truecount="2" falsecount="0"/>
        <line num="21" count="2" type="stmt"/>
        <line num="23" count="7" type="stmt"/>
        <line num="24" count="7" type="stmt"/>
        <line num="25" count="12" type="stmt"/>
        <line num="29" count="3" type="cond" truecount="2" falsecount="0"/>
        <line num="30" count="1" type="stmt"/>
        <line num="32" count="2" type="cond" truecount="2" falsecount="0"/>
      </file>
    </metrics>
  </project>
</coverage>
