{"C:\\Users\\garzaroa\\Documents\\GitHub\\bedux\\bedux.js": {"path":"C:\\Users\\garzaroa\\Documents\\GitHub\\bedux\\bedux.js","statementMap":{"0":{"start":{"line":1,"column":12},"end":{"line":1,"column":14}},"1":{"start":{"line":3,"column":23},"end":{"line":3,"column":25}},"2":{"start":{"line":4,"column":30},"end":{"line":4,"column":32}},"3":{"start":{"line":7,"column":4},"end":{"line":9,"column":5}},"4":{"start":{"line":8,"column":8},"end":{"line":8,"column":15}},"5":{"start":{"line":11,"column":4},"end":{"line":11,"column":25}},"6":{"start":{"line":12,"column":4},"end":{"line":12,"column":30}},"7":{"start":{"line":16,"column":4},"end":{"line":18,"column":5}},"8":{"start":{"line":17,"column":8},"end":{"line":17,"column":15}},"9":{"start":{"line":20,"column":4},"end":{"line":20,"column":38}},"10":{"start":{"line":22,"column":4},"end":{"line":24,"column":5}},"11":{"start":{"line":23,"column":8},"end":{"line":23,"column":43}},"12":{"start":{"line":26,"column":4},"end":{"line":26,"column":43}},"13":{"start":{"line":30,"column":4},"end":{"line":30,"column":85}},"14":{"start":{"line":30,"column":65},"end":{"line":30,"column":83}},"15":{"start":{"line":34,"column":4},"end":{"line":36,"column":5}},"16":{"start":{"line":35,"column":8},"end":{"line":35,"column":115}},"17":{"start":{"line":35,"column":95},"end":{"line":35,"column":113}},"18":{"start":{"line":41,"column":4},"end":{"line":41,"column":22}},"19":{"start":{"line":45,"column":4},"end":{"line":47,"column":5}},"20":{"start":{"line":46,"column":8},"end":{"line":46,"column":15}},"21":{"start":{"line":48,"column":21},"end":{"line":48,"column":26}},"22":{"start":{"line":49,"column":4},"end":{"line":49,"column":43}},"23":{"start":{"line":51,"column":4},"end":{"line":51,"column":58}},"24":{"start":{"line":51,"column":37},"end":{"line":51,"column":56}},"25":{"start":{"line":53,"column":4},"end":{"line":62,"column":10}},"26":{"start":{"line":55,"column":12},"end":{"line":55,"column":31}},"27":{"start":{"line":58,"column":12},"end":{"line":58,"column":42}},"28":{"start":{"line":61,"column":12},"end":{"line":61,"column":60}},"29":{"start":{"line":61,"column":40},"end":{"line":61,"column":59}},"30":{"start":{"line":66,"column":4},"end":{"line":68,"column":5}},"31":{"start":{"line":67,"column":8},"end":{"line":67,"column":15}},"32":{"start":{"line":69,"column":4},"end":{"line":69,"column":73}}},"fnMap":{"0":{"name":"subscribeState","decl":{"start":{"line":6,"column":16},"end":{"line":6,"column":30}},"loc":{"start":{"line":6,"column":35},"end":{"line":13,"column":1}},"line":6},"1":{"name":"subscribePartialState","decl":{"start":{"line":15,"column":16},"end":{"line":15,"column":37}},"loc":{"start":{"line":15,"column":48},"end":{"line":27,"column":1}},"line":15},"2":{"name":"unsubscribeState","decl":{"start":{"line":29,"column":16},"end":{"line":29,"column":32}},"loc":{"start":{"line":29,"column":37},"end":{"line":31,"column":1}},"line":29},"3":{"name":"(anonymous_3)","decl":{"start":{"line":30,"column":47},"end":{"line":30,"column":48}},"loc":{"start":{"line":30,"column":65},"end":{"line":30,"column":83}},"line":30},"4":{"name":"unsubscribePartialState","decl":{"start":{"line":33,"column":16},"end":{"line":33,"column":39}},"loc":{"start":{"line":33,"column":50},"end":{"line":37,"column":1}},"line":33},"5":{"name":"(anonymous_5)","decl":{"start":{"line":35,"column":77},"end":{"line":35,"column":78}},"loc":{"start":{"line":35,"column":95},"end":{"line":35,"column":113}},"line":35},"6":{"name":"getState","decl":{"start":{"line":40,"column":16},"end":{"line":40,"column":24}},"loc":{"start":{"line":40,"column":27},"end":{"line":42,"column":1}},"line":40},"7":{"name":"setState","decl":{"start":{"line":44,"column":16},"end":{"line":44,"column":24}},"loc":{"start":{"line":44,"column":42},"end":{"line":63,"column":1}},"line":44},"8":{"name":"(anonymous_8)","decl":{"start":{"line":51,"column":29},"end":{"line":51,"column":30}},"loc":{"start":{"line":51,"column":37},"end":{"line":51,"column":56}},"line":51},"9":{"name":"(anonymous_9)","decl":{"start":{"line":54,"column":14},"end":{"line":54,"column":15}},"loc":{"start":{"line":55,"column":12},"end":{"line":55,"column":31}},"line":55},"10":{"name":"(anonymous_10)","decl":{"start":{"line":57,"column":17},"end":{"line":57,"column":18}},"loc":{"start":{"line":58,"column":12},"end":{"line":58,"column":42}},"line":58},"11":{"name":"(anonymous_11)","decl":{"start":{"line":60,"column":18},"end":{"line":60,"column":19}},"loc":{"start":{"line":61,"column":12},"end":{"line":61,"column":60}},"line":61},"12":{"name":"(anonymous_12)","decl":{"start":{"line":61,"column":32},"end":{"line":61,"column":33}},"loc":{"start":{"line":61,"column":40},"end":{"line":61,"column":59}},"line":61},"13":{"name":"dispatch","decl":{"start":{"line":65,"column":16},"end":{"line":65,"column":24}},"loc":{"start":{"line":65,"column":33},"end":{"line":70,"column":1}},"line":65}},"branchMap":{"0":{"loc":{"start":{"line":7,"column":4},"end":{"line":9,"column":5}},"type":"if","locations":[{"start":{"line":7,"column":4},"end":{"line":9,"column":5}},{"start":{"line":7,"column":4},"end":{"line":9,"column":5}}],"line":7},"1":{"loc":{"start":{"line":16,"column":4},"end":{"line":18,"column":5}},"type":"if","locations":[{"start":{"line":16,"column":4},"end":{"line":18,"column":5}},{"start":{"line":16,"column":4},"end":{"line":18,"column":5}}],"line":16},"2":{"loc":{"start":{"line":22,"column":4},"end":{"line":24,"column":5}},"type":"if","locations":[{"start":{"line":22,"column":4},"end":{"line":24,"column":5}},{"start":{"line":22,"column":4},"end":{"line":24,"column":5}}],"line":22},"3":{"loc":{"start":{"line":34,"column":4},"end":{"line":36,"column":5}},"type":"if","locations":[{"start":{"line":34,"column":4},"end":{"line":36,"column":5}},{"start":{"line":34,"column":4},"end":{"line":36,"column":5}}],"line":34},"4":{"loc":{"start":{"line":45,"column":4},"end":{"line":47,"column":5}},"type":"if","locations":[{"start":{"line":45,"column":4},"end":{"line":47,"column":5}},{"start":{"line":45,"column":4},"end":{"line":47,"column":5}}],"line":45},"5":{"loc":{"start":{"line":66,"column":4},"end":{"line":68,"column":5}},"type":"if","locations":[{"start":{"line":66,"column":4},"end":{"line":68,"column":5}},{"start":{"line":66,"column":4},"end":{"line":68,"column":5}}],"line":66},"6":{"loc":{"start":{"line":69,"column":13},"end":{"line":69,"column":71}},"type":"cond-expr","locations":[{"start":{"line":69,"column":44},"end":{"line":69,"column":62}},{"start":{"line":69,"column":65},"end":{"line":69,"column":71}}],"line":69}},"s":{"0":16,"1":16,"2":16,"3":5,"4":1,"5":4,"6":4,"7":8,"8":1,"9":7,"10":7,"11":6,"12":7,"13":5,"14":2,"15":8,"16":2,"17":2,"18":8,"19":17,"20":2,"21":15,"22":15,"23":15,"24":2,"25":15,"26":6,"27":6,"28":5,"29":4,"30":3,"31":1,"32":2},"f":{"0":5,"1":8,"2":5,"3":2,"4":8,"5":2,"6":8,"7":17,"8":2,"9":6,"10":6,"11":5,"12":4,"13":3},"b":{"0":[1,4],"1":[1,7],"2":[6,1],"3":[2,6],"4":[2,15],"5":[1,2],"6":[1,1]},"_coverageSchema":"332fd63041d2c1bcb487cc26dd0d5f7d97098a6c","hash":"08e6f5799fff379f768a6c4c14c70783a2e382c9"}
}
