TN:
SF:/var/www/html/bedux/bedux.js
FN:5,subscribeState
FN:10,unsubscribeState
FN:11,(anonymous_2)
FN:15,getState
FN:19,setState
FN:25,(anonymous_5)
FN:28,dispatch
FNF:7
FNH:7
FNDA:6,subscribeState
FNDA:7,unsubscribeState
FNDA:14,(anonymous_2)
FNDA:9,getState
FNDA:9,setState
FNDA:12,(anonymous_5)
FNDA:3,dispatch
DA:1,1
DA:3,1
DA:6,6
DA:7,6
DA:11,14
DA:16,9
DA:20,9
DA:21,2
DA:23,7
DA:24,7
DA:25,12
DA:29,3
DA:30,1
DA:32,2
LF:14
LH:14
BRDA:20,0,0,2
BRDA:20,0,1,7
BRDA:29,1,0,1
BRDA:29,1,1,2
BRDA:32,2,0,1
BRDA:32,2,1,1
BRF:6
BRH:6
end_of_record
