TN:
SF:C:\Users\garzaroa\Documents\GitHub\bedux\bedux.js
FN:6,subscribeState
FN:15,subscribePartialState
FN:29,unsubscribeState
FN:30,(anonymous_3)
FN:33,unsubscribePartialState
FN:35,(anonymous_5)
FN:40,getState
FN:44,setState
FN:51,(anonymous_8)
FN:54,(anonymous_9)
FN:57,(anonymous_10)
FN:60,(anonymous_11)
FN:61,(anonymous_12)
FN:65,dispatch
FNF:14
FNH:14
FNDA:5,subscribeState
FNDA:8,subscribePartialState
FNDA:5,unsubscribeState
FNDA:2,(anonymous_3)
FNDA:8,unsubscribePartialState
FNDA:2,(anonymous_5)
FNDA:8,getState
FNDA:17,setState
FNDA:2,(anonymous_8)
FNDA:6,(anonymous_9)
FNDA:6,(anonymous_10)
FNDA:5,(anonymous_11)
FNDA:4,(anonymous_12)
FNDA:3,dispatch
DA:1,16
DA:3,16
DA:4,16
DA:7,5
DA:8,1
DA:11,4
DA:12,4
DA:16,8
DA:17,1
DA:20,7
DA:22,7
DA:23,6
DA:26,7
DA:30,5
DA:34,8
DA:35,2
DA:41,8
DA:45,17
DA:46,2
DA:48,15
DA:49,15
DA:51,15
DA:53,15
DA:55,6
DA:58,6
DA:61,5
DA:66,3
DA:67,1
DA:69,2
LF:29
LH:29
BRDA:7,0,0,1
BRDA:7,0,1,4
BRDA:16,1,0,1
BRDA:16,1,1,7
BRDA:22,2,0,6
BRDA:22,2,1,1
BRDA:34,3,0,2
BRDA:34,3,1,6
BRDA:45,4,0,2
BRDA:45,4,1,15
BRDA:66,5,0,1
BRDA:66,5,1,2
BRDA:69,6,0,1
BRDA:69,6,1,1
BRF:14
BRH:14
end_of_record
